QuestaSim-64 vcom 2025.1_2 Compiler 2025.04 Apr  7 2025
Start time: 19:48:07 on Mar 11,2026
vcom -2008 -work internal/ModelSimContainer/work proj/src/RISCV_types.vhd internal/testpy/tb.vhd proj/src/RISCV_types.vhd proj/src/TopLevel/RISCV_Processor.vhd proj/src/TopLevel/mem.vhd proj/src/TopLevel/components/mux2t1.vhd proj/src/TopLevel/components/mux2t1_N.vhd proj/src/TopLevel/components/sc_processor_control_unit.vhd proj/src/TopLevel/components/ripple_carry_adderN.vhd proj/src/TopLevel/components/invg.vhd proj/src/TopLevel/components/alu_32.vhd proj/src/TopLevel/components/andg2.vhd proj/src/TopLevel/components/fetch_unit.vhd proj/src/TopLevel/components/immediate_generator.vhd proj/src/TopLevel/components/register_NBit.vhd proj/src/TopLevel/components/full_adder.vhd proj/src/TopLevel/components/branch_resolver.vhd proj/src/TopLevel/components/barrel_shifter.vhd proj/src/TopLevel/components/xorg2.vhd proj/src/TopLevel/components/sc_processor_alu_control.vhd proj/src/TopLevel/components/addsub_32.vhd proj/src/TopLevel/components/bitextender_20to32.vhd proj/src/TopLevel/components/register_file.vhd proj/src/TopLevel/components/org2.vhd proj/src/TopLevel/components/bitextender_12to32.vhd 
-- Loading package STANDARD
-- Loading package TEXTIO
-- Loading package std_logic_1164
-- Compiling package RISCV_types
-- Compiling package body RISCV_types
-- Loading package RISCV_types
-- Loading package std_logic_textio
-- Loading package ENV
-- Compiling entity tb
-- Compiling architecture mixed of tb
** Warning: proj/src/RISCV_types.vhd(15): (vcom-1615) Existing package 'RISCV_types' at line 18 will be overwritten.
-- Compiling package RISCV_types
** Warning: proj/src/RISCV_types.vhd(33): (vcom-1615) Existing package body 'RISCV_types(body)' at line 33 will be overwritten.
-- Compiling package body RISCV_types
-- Loading package RISCV_types
-- Loading package RISCV_types
-- Compiling entity RISCV_Processor
-- Compiling architecture structure of RISCV_Processor
** Error: proj/src/TopLevel/RISCV_Processor.vhd(286): Symbol "fetch_unit" has already been declared in this region.
** Error (suppressible): proj/src/TopLevel/RISCV_Processor.vhd(286): (vcom-1141) Identifier "FETCH_UNIT" does not identify a component declaration.
** Note: proj/src/TopLevel/RISCV_Processor.vhd(409): VHDL Compiler exiting
End time: 19:48:08 on Mar 11,2026, Elapsed time: 0:00:01
Errors: 2, Warnings: 2
